Arguments: 
  /usr/bin/node /app/.yarn/releases/yarn-1.22.10.cjs watch

PATH: 
  /usr/local/sbin:/usr/local/bin:/usr/sbin:/usr/bin:/sbin:/bin

Yarn version: 
  1.22.10

Node version: 
  15.14.0

Platform: 
  linux x64

Trace: 
  SyntaxError: /app/package.json: Unexpected token { in JSON at position 99
      at JSON.parse (<anonymous>)
      at /app/.yarn/releases/yarn-1.22.10.cjs:1098:57
      at Generator.next (<anonymous>)
      at step (/app/.yarn/releases/yarn-1.22.10.cjs:310:30)
      at /app/.yarn/releases/yarn-1.22.10.cjs:321:13

npm manifest: 
  {
    "name": "my-package",
    "scripts": {
      "build": "babel src -d lib",
      "test": "jest"
    }
  } {
    "dependencies": {
      "inputmask": "^5.0.5"
    }
  }

yarn manifest: 
  No manifest

Lockfile: 
  # THIS IS AN AUTOGENERATED FILE. DO NOT EDIT THIS FILE DIRECTLY.
  # yarn lockfile v1
  
  
  inputmask@^5.0.5:
    version "5.0.5"
    resolved "https://registry.yarnpkg.com/inputmask/-/inputmask-5.0.5.tgz#93af99c35fc108d590e9bbd3ec6cc9b9a2e7c2ed"
    integrity sha512-9gqau4tb0oaxYiymLC43KU/aAXHVofya7ilGIxqKONbSh7LNKRHmpw6mhuH2D4yykRlcNhS9zI/FOsrAQmltQA==
